0 info it worked if it ends with ok
1 verbose cli [ '/usr/local/bin/node',
1 verbose cli   '/usr/local/bin/npm',
1 verbose cli   'run',
1 verbose cli   'classifier',
1 verbose cli   '--',
1 verbose cli   'name:u' ]
2 info using npm@3.3.12
3 info using node@v5.4.1
4 verbose run-script [ 'preclassifier', 'classifier', 'postclassifier' ]
5 info lifecycle chessposition_ai@1.0.0~preclassifier: chessposition_ai@1.0.0
6 silly lifecycle chessposition_ai@1.0.0~preclassifier: no script for preclassifier, continuing
7 info lifecycle chessposition_ai@1.0.0~classifier: chessposition_ai@1.0.0
8 verbose lifecycle chessposition_ai@1.0.0~classifier: unsafe-perm in lifecycle true
9 verbose lifecycle chessposition_ai@1.0.0~classifier: PATH: /usr/local/lib/node_modules/npm/bin/node-gyp-bin:/home/jussi/Desktop/chessposition_ai/node_modules/.bin:/home/jussi/bin:/usr/local/sbin:/usr/local/bin:/usr/sbin:/usr/bin:/sbin:/bin:/usr/games:/usr/local/games
10 verbose lifecycle chessposition_ai@1.0.0~classifier: CWD: /home/jussi/Desktop/chessposition_ai
11 silly lifecycle chessposition_ai@1.0.0~classifier: Args: [ '-c', 'gulp classifier "name:u"' ]
12 silly lifecycle chessposition_ai@1.0.0~classifier: Returned: code: 1  signal: null
13 info lifecycle chessposition_ai@1.0.0~classifier: Failed to exec classifier script
14 verbose stack Error: chessposition_ai@1.0.0 classifier: `gulp classifier "name:u"`
14 verbose stack Exit status 1
14 verbose stack     at EventEmitter.<anonymous> (/usr/local/lib/node_modules/npm/lib/utils/lifecycle.js:232:16)
14 verbose stack     at emitTwo (events.js:87:13)
14 verbose stack     at EventEmitter.emit (events.js:172:7)
14 verbose stack     at ChildProcess.<anonymous> (/usr/local/lib/node_modules/npm/lib/utils/spawn.js:24:14)
14 verbose stack     at emitTwo (events.js:87:13)
14 verbose stack     at ChildProcess.emit (events.js:172:7)
14 verbose stack     at maybeClose (internal/child_process.js:821:16)
14 verbose stack     at Process.ChildProcess._handle.onexit (internal/child_process.js:211:5)
15 verbose pkgid chessposition_ai@1.0.0
16 verbose cwd /home/jussi/Desktop/chessposition_ai
17 error Linux 3.16.0-41-generic
18 error argv "/usr/local/bin/node" "/usr/local/bin/npm" "run" "classifier" "--" "name:u"
19 error node v5.4.1
20 error npm  v3.3.12
21 error code ELIFECYCLE
22 error chessposition_ai@1.0.0 classifier: `gulp classifier "name:u"`
22 error Exit status 1
23 error Failed at the chessposition_ai@1.0.0 classifier script 'gulp classifier "name:u"'.
23 error Make sure you have the latest version of node.js and npm installed.
23 error If you do, this is most likely a problem with the chessposition_ai package,
23 error not with npm itself.
23 error Tell the author that this fails on your system:
23 error     gulp classifier "name:u"
23 error You can get their info via:
23 error     npm owner ls chessposition_ai
23 error There is likely additional logging output above.
24 verbose exit [ 1, true ]
